<?xml version="1.0" encoding="UTF-8"?>
<testsuite name="Eventos.AppTest" tests="1" skipped="0" failures="0" errors="0" timestamp="2022-11-19T23:03:43" hostname="LAPTOP-DIPOH3TG" time="0.022">
  <properties/>
  <testcase name="appHasAGreeting()" classname="Eventos.AppTest" time="0.022"/>
  <system-out><![CDATA[]]></system-out>
  <system-err><![CDATA[]]></system-err>
</testsuite>
